0 move #0, D0
1 move D0, D1
2 add #5, D1
3 move D0, D2
4 sub D1, D2
5 mul #37, D2
6 div f, D2
7 move x, D3
8 move D0, a
9 move y, D0
10 move D0, y
11 move z, D0
12 move D0, z
13 move $"the answer IS ", D0
14 move y, D0
15 mul z, D0
16 move D0, T5
17 move x, D0
18 add T5, D0
19 move D0, T6
20 move a, D0
21 move D1, b
22 move D2, c
23 move D3, x
24 tst D0
25 jeqz 34
26 move D1, b
27 move D2, c
28 move D3, x
29 move #1, D0
30 move D0, b
31 move D1, b
32 move D2, c
33 move D3, x
34 move D0, b
35 move a, D0
36 cmp b, D0
37 jgt *+3
38 clr D0
39 bra *+2
40 move #1, D0
41 move D0, T7
42 move D1, b
43 move D2, c
44 move D3, x
45 tst D0
46 jeqz 66
47 move D0, T7
48 move D1, b
49 move D2, c
50 move D3, x
51 move D0, T7
52 move #0, D0
53 move D0, c
54 move a, D0
55 neg D0
56 add b, D0
57 move D0, d
58 move D1, b
59 move D2, c
60 move D3, x
61 jump 74
62 move D0, d
63 move D1, b
64 move D2, c
65 move D3, x
66 move D0, d
67 move #5, D0
68 move D0, a
69 move #2, D0
70 move D0, b
71 move D1, b
72 move D2, c
73 move D3, x
74 move D0, b
75 move x, D0
76 mul #4, D0
77 div y, D0
78 add #2, D0
79 move D0, T12
80 move c, D0
81 mul #3, D0
82 move D0, T13
83 move b, D0
84 add T13, D0
85 move D0, T14
86 move T12, D0
87 cmp T14, D0
88 jle *+3
89 clr D0
90 bra *+2
91 move #1, D0
92 move D0, T15
93 move D1, b
94 move D2, c
95 move D3, x
96 tst D0
97 jeqz 113
98 move D0, T15
99 move D1, b
100 move D2, c
101 move D3, x
102 move D0, T15
103 move #4, D0
104 move D0, z
105 move D1, b
106 move D2, c
107 move D3, x
108 jump 136
109 move D0, z
110 move D1, b
111 move D2, c
112 move D3, x
113 move D0, z
114 move x, D0
115 cmp y, D0
116 jne *+3
117 clr D0
118 bra *+2
119 move #1, D0
120 move D0, T16
121 move D1, b
122 move D2, c
123 move D3, x
124 tst D0
125 jeqz 136
126 move D0, T16
127 move D1, b
128 move D2, c
129 move D3, x
130 move D0, T16
131 move #0, D0
132 move D0, z
133 move D1, b
134 move D2, c
135 move D3, x
136 move D0, z
137 move a, D0
138 cmp c, D0
139 jge *+3
140 clr D0
141 bra *+2
142 move #1, D0
143 move D0, T17
144 move x, D0
145 add y, D0
146 move D0, T18
147 move T17, D0
148 and T18, D0
149 move D0, T19
150 move D1, b
151 move D2, c
152 move D3, x
153 tst D0
154 jeqz 232
155 move D0, T19
156 move D1, b
157 move D2, c
158 move D3, x
159 move D0, T19
160 move b, D0
161 cmp 0, D0
162 jeq *+3
163 clr D0
164 bra *+2
165 move #1, D0
166 move D0, T20
167 move x, D0
168 sub y, D0
169 move D0, T21
170 move T20, D0
171 or T21, D0
172 move D0, T22
173 move D1, b
174 move D2, c
175 move D3, x
176 tst D0
177 jeqz 223
178 move D0, T22
179 move D1, b
180 move D2, c
181 move D3, x
182 move D0, T22
183 move c, D0
184 cmp d, D0
185 jlt *+3
186 clr D0
187 bra *+2
188 move #1, D0
189 move D0, T23
190 move D1, b
191 move D2, c
192 move D3, x
193 tst D0
194 jeqz 211
195 move D0, T23
196 move D1, b
197 move D2, c
198 move D3, x
199 move D0, T23
200 move x, D0
201 sub y, D0
202 move D0, z
203 move D1, b
204 move D2, c
205 move D3, x
206 jump 223
207 move D0, z
208 move D1, b
209 move D2, c
210 move D3, x
211 move D0, z
212 move y, D0
213 cmp 0, D0
214 jge *+2
215 neg D0
216 move D0, T25
217 move x, D0
218 add T25, D0
219 move D0, z
220 move D1, b
221 move D2, c
222 move D3, x
223 move D0, z
224 move D1, b
225 move D2, c
226 move D3, x
227 jump 239
228 move D0, z
229 move D1, b
230 move D2, c
231 move D3, x
232 move D0, z
233 move x, D0
234 sqrt D0
235 move D0, a
236 move D1, b
237 move D2, c
238 move D3, x
239 move D0, a
240 move x, D0
241 move D1, b
242 move D2, c
243 move D3, x
244 tst D0
245 jeqz 256
246 move D1, b
247 move D2, c
248 move D3, x
249 move D1, b
250 move D2, c
251 move D3, x
252 jump 261
253 move D1, b
254 move D2, c
255 move D3, x
256 move y, D0
257 move D0, z
258 move D1, b
259 move D2, c
260 move D3, x
261 move D0, z
262 move y, D0
263 neg D0
264 move D0, T28
265 move y, D0
266 move D0, T29
267 move y, D0
268 move D0, T30
269 move y, D0
270 not D0
271 move D0, T31
272 move y, D0
273 neg D0
274 move D0, T32
275 move y, D0
276 move D0, T33
277 move y, D0
278 neg D0
279 move D0, T34
280 move y, D0
281 not D0
282 move D0, T35
283 move y, D0
284 neg D0
285 move D0, a
286 move D1, b
287 move D2, c
288 move D3, x
289 move D0, a
290 move b, D0
291 mul c, D0
292 move D0, a
293 move D1, b
294 move D2, c
295 move D3, x
296 jump 289
297 move D0, a
298 move D1, b
299 move D2, c
300 move D3, x
301 move D0, a
302 move x, D0
303 add #1, D0
304 move D0, x
305 move x, D0
306 cmp 5, D0
307 jgt *+3
308 clr D0
309 bra *+2
310 move #1, D0
311 move D0, T39
312 move D1, b
313 move D2, c
314 move D3, x
315 tst D0
316 jeqz 330
317 move D0, T39
318 move D1, b
319 move D2, c
320 move D3, x
321 move D0, T39
322 move D1, b
323 move D2, c
324 move D3, x
325 jump 342
326 move D0, T39
327 move D1, b
328 move D2, c
329 move D3, x
330 move D0, T39
331 move y, D0
332 sub #2, D0
333 move D0, y
334 move D1, b
335 move D2, c
336 move D3, x
337 jump 301
338 move D0, y
339 move D1, b
340 move D2, c
341 move D3, x
342 move D0, y
343 move x, D0
344 cmp y, D0
345 jgt *+3
346 clr D0
347 bra *+2
348 move #1, D0
349 move D0, T41
350 move D1, b
351 move D2, c
352 move D3, x
353 tst D0
354 jeqz 378
355 move D0, T41
356 move D1, b
357 move D2, c
358 move D3, x
359 move D0, T41
360 move b, D0
361 add c, D0
362 move D0, a
363 move D1, b
364 move D2, c
365 move D3, x
366 jump 378
367 move D0, a
368 move #1, D0
369 move D0, d
370 move D1, b
371 move D2, c
372 move D3, x
373 jump 342
374 move D0, d
375 move D1, b
376 move D2, c
377 move D3, x
378 move D0, d
379 move a, D0
380 cmp b, D0
381 jne *+3
382 clr D0
383 bra *+2
384 move #1, D0
385 move D0, T43
386 move D1, b
387 move D2, c
388 move D3, x
389 tst D0
390 jeqz 481
391 move D0, T43
392 move D1, b
393 move D2, c
394 move D3, x
395 move D0, T43
396 move #0, D0
397 move D0, a
398 move #1, D0
399 move D0, b
400 move D1, b
401 move D2, c
402 move D3, x
403 move D0, b
404 move x, D0
405 cmp z, D0
406 jeq *+3
407 clr D0
408 bra *+2
409 move #1, D0
410 move D0, T44
411 move D1, b
412 move D2, c
413 move D3, x
414 tst D0
415 jeqz 459
416 move D0, T44
417 move D1, b
418 move D2, c
419 move D3, x
420 move D0, T44
421 move x, D0
422 move D0, x
423 move x, D0
424 cmp 0, D0
425 jgt *+3
426 clr D0
427 bra *+2
428 move #1, D0
429 move D0, T45
430 move D1, b
431 move D2, c
432 move D3, x
433 tst D0
434 jeqz 448
435 move D0, T45
436 move D1, b
437 move D2, c
438 move D3, x
439 move D0, T45
440 move D1, b
441 move D2, c
442 move D3, x
443 jump 470
444 move D0, T45
445 move D1, b
446 move D2, c
447 move D3, x
448 move D0, T45
449 move y, D0
450 move D0, y
451 move D1, b
452 move D2, c
453 move D3, x
454 jump 403
455 move D0, y
456 move D1, b
457 move D2, c
458 move D3, x
459 move D0, y
460 move z, D0
461 move D0, z
462 move D1, b
463 move D2, c
464 move D3, x
465 jump 395
466 move D0, z
467 move D1, b
468 move D2, c
469 move D3, x
470 move D0, z
471 move x, D0
472 move D0, x
473 move D1, b
474 move D2, c
475 move D3, x
476 jump 378
477 move D0, x
478 move D1, b
479 move D2, c
480 move D3, x
